[medtaharejeb97.wixsite.com/my-site-1.html]
[static.parastorage.com/unpkg/core-js-bundle@3.2.1/minified.js]
[static.parastorage.com/unpkg/focus-within-polyfill@5.0.9/dist/focus-within-polyfill.js]
[backblue.gif]
[fade.gif]
[index.html]
[polyfill-fastly.io/v3/polyfill.mind82c.js]
[medtaharejeb97.wixsite.com/c.4.delayed]
[medtaharejeb97.wixsite.com/t.5.delayed]
[medtaharejeb97.wixsite.com/index.html]
[static.wixstatic.com/media/dc86bf_97eaf5b762d6463280bca27c89440c85_mv2.png/v1/fill/w_355,h_95,al_c,q_85,usm_0.66_1.00_0.01,enc_auto/dc86bf_97eaf5b762d6463280bca27c89440c85_mv2.png]
[static.wixstatic.com/media/dc86bf_194852bb71314639ad040fee36a7c8f2_mv2.png/v1/fill/w_107,h_107,al_c,q_85,usm_0.66_1.00_0.01,enc_auto/dc86bf_194852bb71314639ad040fee36a7c8f2_mv2.png]
[browser.sentry-cdn.com/6.18.2/bundle.min.js]
[medtaharejeb97.wixsite.com/sitemap.9.delayed]
[medtaharejeb97.wixsite.com/feed.a.delayed]
[medtaharejeb97.wixsite.com/${i.b.delayed]
[static.parastorage.com/services/wix-thunderbolt/dist/thunderbolt-commons.1c022a13.bundle.min.js]
[static.parastorage.com/services/wix-thunderbolt/dist/main.e9b48348.bundle.min.js]
[static.parastorage.com/services/wix-thunderbolt/dist/main.renderer.1d21f023.bundle.min.js]
[static.parastorage.com/unpkg/lodash@4.17.21/lodash.min.js]
[static.parastorage.com/unpkg/react@18.3.1/umd/react.production.min.js]
[static.parastorage.com/unpkg/react-dom@18.3.1/umd/react-dom.production.min.js]
[static.parastorage.com/services/wix-thunderbolt/dist/browser-deprecation.bundle.es5.js]
[medtaharejeb97.wixsite.com/decodeURIComponent(e.13.delayed]
[static.parastorage.com/services/tag-manager-client/1.875.0/siteTags.bundle.min.js]
[medtaharejeb97.wixsite.com/my-site-1.html]
[medtaharejeb97.wixsite.com/c.html]
[medtaharejeb97.wixsite.com/t.html]
[medtaharejeb97.wixsite.com/index.html]
[medtaharejeb97.wixsite.com/sitemap.html]
[medtaharejeb97.wixsite.com/feed.html]
[medtaharejeb97.wixsite.com/${i.html]
[medtaharejeb97.wixsite.com/decodeURIComponent(e.html]
